#
# There is insufficient memory for the Java Runtime Environment to continue.
# Native memory allocation (malloc) failed to allocate 462576 bytes for Chunk::new
# Possible reasons:
#   The system is out of physical RAM or swap space
#   The process is running with CompressedOops enabled, and the Java Heap may be blocking the growth of the native heap
# Possible solutions:
#   Reduce memory load on the system
#   Increase physical memory or swap space
#   Check if swap backing store is full
#   Decrease Java heap size (-Xmx/-Xms)
#   Decrease number of Java threads
#   Decrease Java thread stack sizes (-Xss)
#   Set larger code cache with -XX:ReservedCodeCacheSize=
#   JVM is running with Zero Based Compressed Oops mode in which the Java heap is
#     placed in the first 32GB address space. The Java Heap base address is the
#     maximum limit for the native heap growth. Please use -XX:HeapBaseMinAddress
#     to set the Java Heap base and to place the Java Heap above 32GB virtual address.
# This output file may be truncated or incomplete.
#
#  Out of Memory Error (arena.cpp:191), pid=3604, tid=41032
#
# JRE version: OpenJDK Runtime Environment Corretto-17.0.9.8.1 (17.0.9+8) (build 17.0.9+8-LTS)
# Java VM: OpenJDK 64-Bit Server VM Corretto-17.0.9.8.1 (17.0.9+8-LTS, mixed mode, sharing, tiered, compressed oops, compressed class ptrs, g1 gc, windows-amd64)
# No core dump will be written. Minidumps are not enabled by default on client versions of Windows
#

---------------  S U M M A R Y ------------

Command Line: C:\Users\user\AppData\Local\Temp\surefire12150153983555671104\surefirebooter-20231231192718060_3.jar C:\Users\user\AppData\Local\Temp\surefire12150153983555671104 2023-12-31T19-27-17_989-jvmRun1 surefire-20231231192718060_1tmp surefire_0-20231231192718060_2tmp

Host: 11th Gen Intel(R) Core(TM) i7-1185G7 @ 3.00GHz, 8 cores, 15G,  Windows 11 , 64 bit Build 22621 (10.0.22621.2506)
Time: Sun Dec 31 19:27:18 2023 Morocco Summer Time elapsed time: 0.674258 seconds (0d 0h 0m 0s)

---------------  T H R E A D  ---------------

Current thread (0x000002e1df2fa240):  JavaThread "C2 CompilerThread0" daemon [_thread_in_native, id=41032, stack(0x000000f5b6e00000,0x000000f5b6f00000)]


Current CompileTask:
C2:    674 1648   !   4       java.net.URL::<init> (543 bytes)

Stack: [0x000000f5b6e00000,0x000000f5b6f00000]
Native frames: (J=compiled Java code, j=interpreted, Vv=VM code, C=native code)
V  [jvm.dll+0x67cb49]
V  [jvm.dll+0x8344da]
V  [jvm.dll+0x835f9e]
V  [jvm.dll+0x836603]
V  [jvm.dll+0x247b5f]
V  [jvm.dll+0xac43c]
V  [jvm.dll+0xaca8c]
V  [jvm.dll+0x366c32]
V  [jvm.dll+0x330fda]
V  [jvm.dll+0x33047a]
V  [jvm.dll+0x21a201]
V  [jvm.dll+0x219621]
V  [jvm.dll+0x1a56cd]
V  [jvm.dll+0x2293ee]
V  [jvm.dll+0x2275bc]
V  [jvm.dll+0x7e95a7]
V  [jvm.dll+0x7e396a]
V  [jvm.dll+0x67ba35]
C  [ucrtbase.dll+0x29363]
C  [KERNEL32.DLL+0x1257d]
C  [ntdll.dll+0x5aa58]


---------------  P R O C E S S  ---------------

Threads class SMR info:
_java_thread_list=0x000002e1df598630, length=15, elements={
0x000002e1bc3a4a70, 0x000002e1df1db690, 0x000002e1df1dc160, 0x000002e1df1ee790,
0x000002e1df2f4480, 0x000002e1df2f8d70, 0x000002e1df2f9640, 0x000002e1df2fa240,
0x000002e1df2fab50, 0x000002e1df2fd470, 0x000002e1df435a60, 0x000002e1df438bc0,
0x000002e1df586630, 0x000002e1df8bbc20, 0x000002e1df5b3e20
}

Java Threads: ( => current thread )
  0x000002e1bc3a4a70 JavaThread "main" [_thread_in_vm, id=43200, stack(0x000000f5b6100000,0x000000f5b6200000)]
  0x000002e1df1db690 JavaThread "Reference Handler" daemon [_thread_blocked, id=21404, stack(0x000000f5b6800000,0x000000f5b6900000)]
  0x000002e1df1dc160 JavaThread "Finalizer" daemon [_thread_blocked, id=7152, stack(0x000000f5b6900000,0x000000f5b6a00000)]
  0x000002e1df1ee790 JavaThread "Signal Dispatcher" daemon [_thread_blocked, id=19840, stack(0x000000f5b6a00000,0x000000f5b6b00000)]
  0x000002e1df2f4480 JavaThread "Attach Listener" daemon [_thread_blocked, id=44808, stack(0x000000f5b6b00000,0x000000f5b6c00000)]
  0x000002e1df2f8d70 JavaThread "Service Thread" daemon [_thread_blocked, id=29228, stack(0x000000f5b6c00000,0x000000f5b6d00000)]
  0x000002e1df2f9640 JavaThread "Monitor Deflation Thread" daemon [_thread_blocked, id=39024, stack(0x000000f5b6d00000,0x000000f5b6e00000)]
=>0x000002e1df2fa240 JavaThread "C2 CompilerThread0" daemon [_thread_in_native, id=41032, stack(0x000000f5b6e00000,0x000000f5b6f00000)]
  0x000002e1df2fab50 JavaThread "C1 CompilerThread0" daemon [_thread_blocked, id=26772, stack(0x000000f5b6f00000,0x000000f5b7000000)]
  0x000002e1df2fd470 JavaThread "Sweeper thread" daemon [_thread_blocked, id=28020, stack(0x000000f5b7000000,0x000000f5b7100000)]
  0x000002e1df435a60 JavaThread "Notification Thread" daemon [_thread_blocked, id=37000, stack(0x000000f5b7100000,0x000000f5b7200000)]
  0x000002e1df438bc0 JavaThread "Common-Cleaner" daemon [_thread_blocked, id=20368, stack(0x000000f5b7300000,0x000000f5b7400000)]
  0x000002e1df586630 JavaThread "C2 CompilerThread1" daemon [_thread_in_native, id=14644, stack(0x000000f5b7400000,0x000000f5b7500000)]
  0x000002e1df8bbc20 JavaThread "surefire-forkedjvm-stream-flusher" daemon [_thread_blocked, id=29280, stack(0x000000f5b7500000,0x000000f5b7600000)]
  0x000002e1df5b3e20 JavaThread "surefire-forkedjvm-command-thread" daemon [_thread_in_native, id=23316, stack(0x000000f5b7600000,0x000000f5b7700000)]

Other Threads:
  0x000002e1df1cf8a0 VMThread "VM Thread" [stack: 0x000000f5b6700000,0x000000f5b6800000] [id=34700]
  0x000002e1df436350 WatcherThread [stack: 0x000000f5b7200000,0x000000f5b7300000] [id=7808]
  0x000002e1bc410eb0 GCTaskThread "GC Thread#0" [stack: 0x000000f5b6200000,0x000000f5b6300000] [id=12472]
  0x000002e22546cd40 GCTaskThread "GC Thread#1" [stack: 0x000000f5b7700000,0x000000f5b7800000] [id=39976]
  0x000002e225584920 GCTaskThread "GC Thread#2" [stack: 0x000000f5b7800000,0x000000f5b7900000] [id=13948]
  0x000002e225377f70 GCTaskThread "GC Thread#3" [stack: 0x000000f5b7900000,0x000000f5b7a00000] [id=41600]
  0x000002e225378230 GCTaskThread "GC Thread#4" [stack: 0x000000f5b7a00000,0x000000f5b7b00000] [id=36688]
  0x000002e2253784f0 GCTaskThread "GC Thread#5" [stack: 0x000000f5b7b00000,0x000000f5b7c00000] [id=2960]
  0x000002e2255455c0 GCTaskThread "GC Thread#6" [stack: 0x000000f5b7c00000,0x000000f5b7d00000] [id=35192]
  0x000002e2259d34b0 GCTaskThread "GC Thread#7" [stack: 0x000000f5b7d00000,0x000000f5b7e00000] [id=25908]
  0x000002e1bc4218d0 ConcurrentGCThread "G1 Main Marker" [stack: 0x000000f5b6300000,0x000000f5b6400000] [id=43088]
  0x000002e1bc422200 ConcurrentGCThread "G1 Conc#0" [stack: 0x000000f5b6400000,0x000000f5b6500000] [id=21356]
  0x000002e1bc45eca0 ConcurrentGCThread "G1 Refine#0" [stack: 0x000000f5b6500000,0x000000f5b6600000] [id=13992]
  0x000002e1df08cb80 ConcurrentGCThread "G1 Service" [stack: 0x000000f5b6600000,0x000000f5b6700000] [id=33064]

Threads with active compile tasks:
C2 CompilerThread0      683 1648   !   4       java.net.URL::<init> (543 bytes)
C2 CompilerThread1      683 1560       4       jdk.internal.org.objectweb.asm.Frame::execute (2305 bytes)

VM state: not at safepoint (normal execution)

VM Mutex/Monitor currently owned by a thread: None

Heap address: 0x0000000704400000, size: 4028 MB, Compressed Oops mode: Zero based, Oop shift amount: 3

CDS archive(s) mapped at: [0x000002e1e0000000-0x000002e1e0ba0000-0x000002e1e0ba0000), size 12189696, SharedBaseAddress: 0x000002e1e0000000, ArchiveRelocationMode: 1.
Compressed class space mapped at: 0x000002e1e1000000-0x000002e221000000, reserved size: 1073741824
Narrow klass base: 0x000002e1e0000000, Narrow klass shift: 0, Narrow klass range: 0x100000000

GC Precious Log:
 CPUs: 8 total, 8 available
 Memory: 16106M
 Large Page Support: Disabled
 NUMA Support: Disabled
 Compressed Oops: Enabled (Zero based)
 Heap Region Size: 2M
 Heap Min Capacity: 8M
 Heap Initial Capacity: 252M
 Heap Max Capacity: 4028M
 Pre-touch: Disabled
 Parallel Workers: 8
 Concurrent Workers: 2
 Concurrent Refinement Workers: 8
 Periodic GC: Disabled

Heap:
 garbage-first heap   total 258048K, used 15038K [0x0000000704400000, 0x0000000800000000)
  region size 2048K, 5 young (10240K), 1 survivors (2048K)
 Metaspace       used 10612K, committed 10816K, reserved 1114112K
  class space    used 1370K, committed 1472K, reserved 1048576K

Heap Regions: E=young(eden), S=young(survivor), O=old, HS=humongous(starts), HC=humongous(continues), CS=collection set, F=free, OA=open archive, CA=closed archive, TAMS=top-at-mark-start (previous, next)
|   0|0x0000000704400000, 0x0000000704600000, 0x0000000704600000|100%| O|  |TAMS 0x0000000704400000, 0x0000000704400000| Untracked 
|   1|0x0000000704600000, 0x0000000704800000, 0x0000000704800000|100%| O|  |TAMS 0x0000000704600000, 0x0000000704600000| Untracked 
|   2|0x0000000704800000, 0x0000000704a00000, 0x0000000704a00000|100%| O|  |TAMS 0x0000000704800000, 0x0000000704800000| Untracked 
|   3|0x0000000704a00000, 0x0000000704af8400, 0x0000000704c00000| 48%| O|  |TAMS 0x0000000704a00000, 0x0000000704a00000| Untracked 
|   4|0x0000000704c00000, 0x0000000704c00000, 0x0000000704e00000|  0%| F|  |TAMS 0x0000000704c00000, 0x0000000704c00000| Untracked 
|   5|0x0000000704e00000, 0x0000000704e00000, 0x0000000705000000|  0%| F|  |TAMS 0x0000000704e00000, 0x0000000704e00000| Untracked 
|   6|0x0000000705000000, 0x0000000705000000, 0x0000000705200000|  0%| F|  |TAMS 0x0000000705000000, 0x0000000705000000| Untracked 
|   7|0x0000000705200000, 0x0000000705200000, 0x0000000705400000|  0%| F|  |TAMS 0x0000000705200000, 0x0000000705200000| Untracked 
|   8|0x0000000705400000, 0x0000000705400000, 0x0000000705600000|  0%| F|  |TAMS 0x0000000705400000, 0x0000000705400000| Untracked 
|   9|0x0000000705600000, 0x0000000705600000, 0x0000000705800000|  0%| F|  |TAMS 0x0000000705600000, 0x0000000705600000| Untracked 
|  10|0x0000000705800000, 0x0000000705800000, 0x0000000705a00000|  0%| F|  |TAMS 0x0000000705800000, 0x0000000705800000| Untracked 
|  11|0x0000000705a00000, 0x0000000705a00000, 0x0000000705c00000|  0%| F|  |TAMS 0x0000000705a00000, 0x0000000705a00000| Untracked 
|  12|0x0000000705c00000, 0x0000000705c00000, 0x0000000705e00000|  0%| F|  |TAMS 0x0000000705c00000, 0x0000000705c00000| Untracked 
|  13|0x0000000705e00000, 0x0000000705e00000, 0x0000000706000000|  0%| F|  |TAMS 0x0000000705e00000, 0x0000000705e00000| Untracked 
|  14|0x0000000706000000, 0x0000000706000000, 0x0000000706200000|  0%| F|  |TAMS 0x0000000706000000, 0x0000000706000000| Untracked 
|  15|0x0000000706200000, 0x0000000706200000, 0x0000000706400000|  0%| F|  |TAMS 0x0000000706200000, 0x0000000706200000| Untracked 
|  16|0x0000000706400000, 0x0000000706400000, 0x0000000706600000|  0%| F|  |TAMS 0x0000000706400000, 0x0000000706400000| Untracked 
|  17|0x0000000706600000, 0x0000000706600000, 0x0000000706800000|  0%| F|  |TAMS 0x0000000706600000, 0x0000000706600000| Untracked 
|  18|0x0000000706800000, 0x0000000706800000, 0x0000000706a00000|  0%| F|  |TAMS 0x0000000706800000, 0x0000000706800000| Untracked 
|  19|0x0000000706a00000, 0x0000000706a00000, 0x0000000706c00000|  0%| F|  |TAMS 0x0000000706a00000, 0x0000000706a00000| Untracked 
|  20|0x0000000706c00000, 0x0000000706c00000, 0x0000000706e00000|  0%| F|  |TAMS 0x0000000706c00000, 0x0000000706c00000| Untracked 
|  21|0x0000000706e00000, 0x0000000706e00000, 0x0000000707000000|  0%| F|  |TAMS 0x0000000706e00000, 0x0000000706e00000| Untracked 
|  22|0x0000000707000000, 0x0000000707000000, 0x0000000707200000|  0%| F|  |TAMS 0x0000000707000000, 0x0000000707000000| Untracked 
|  23|0x0000000707200000, 0x0000000707200000, 0x0000000707400000|  0%| F|  |TAMS 0x0000000707200000, 0x0000000707200000| Untracked 
|  24|0x0000000707400000, 0x0000000707400000, 0x0000000707600000|  0%| F|  |TAMS 0x0000000707400000, 0x0000000707400000| Untracked 
|  25|0x0000000707600000, 0x0000000707600000, 0x0000000707800000|  0%| F|  |TAMS 0x0000000707600000, 0x0000000707600000| Untracked 
|  26|0x0000000707800000, 0x0000000707800000, 0x0000000707a00000|  0%| F|  |TAMS 0x0000000707800000, 0x0000000707800000| Untracked 
|  27|0x0000000707a00000, 0x0000000707a00000, 0x0000000707c00000|  0%| F|  |TAMS 0x0000000707a00000, 0x0000000707a00000| Untracked 
|  28|0x0000000707c00000, 0x0000000707c00000, 0x0000000707e00000|  0%| F|  |TAMS 0x0000000707c00000, 0x0000000707c00000| Untracked 
|  29|0x0000000707e00000, 0x0000000707e00000, 0x0000000708000000|  0%| F|  |TAMS 0x0000000707e00000, 0x0000000707e00000| Untracked 
|  30|0x0000000708000000, 0x0000000708000000, 0x0000000708200000|  0%| F|  |TAMS 0x0000000708000000, 0x0000000708000000| Untracked 
|  31|0x0000000708200000, 0x0000000708200000, 0x0000000708400000|  0%| F|  |TAMS 0x0000000708200000, 0x0000000708200000| Untracked 
|  32|0x0000000708400000, 0x0000000708400000, 0x0000000708600000|  0%| F|  |TAMS 0x0000000708400000, 0x0000000708400000| Untracked 
|  33|0x0000000708600000, 0x0000000708600000, 0x0000000708800000|  0%| F|  |TAMS 0x0000000708600000, 0x0000000708600000| Untracked 
|  34|0x0000000708800000, 0x0000000708800000, 0x0000000708a00000|  0%| F|  |TAMS 0x0000000708800000, 0x0000000708800000| Untracked 
|  35|0x0000000708a00000, 0x0000000708a00000, 0x0000000708c00000|  0%| F|  |TAMS 0x0000000708a00000, 0x0000000708a00000| Untracked 
|  36|0x0000000708c00000, 0x0000000708c00000, 0x0000000708e00000|  0%| F|  |TAMS 0x0000000708c00000, 0x0000000708c00000| Untracked 
|  37|0x0000000708e00000, 0x0000000708e00000, 0x0000000709000000|  0%| F|  |TAMS 0x0000000708e00000, 0x0000000708e00000| Untracked 
|  38|0x0000000709000000, 0x0000000709000000, 0x0000000709200000|  0%| F|  |TAMS 0x0000000709000000, 0x0000000709000000| Untracked 
|  39|0x0000000709200000, 0x0000000709200000, 0x0000000709400000|  0%| F|  |TAMS 0x0000000709200000, 0x0000000709200000| Untracked 
|  40|0x0000000709400000, 0x0000000709400000, 0x0000000709600000|  0%| F|  |TAMS 0x0000000709400000, 0x0000000709400000| Untracked 
|  41|0x0000000709600000, 0x0000000709600000, 0x0000000709800000|  0%| F|  |TAMS 0x0000000709600000, 0x0000000709600000| Untracked 
|  42|0x0000000709800000, 0x0000000709800000, 0x0000000709a00000|  0%| F|  |TAMS 0x0000000709800000, 0x0000000709800000| Untracked 
|  43|0x0000000709a00000, 0x0000000709a00000, 0x0000000709c00000|  0%| F|  |TAMS 0x0000000709a00000, 0x0000000709a00000| Untracked 
|  44|0x0000000709c00000, 0x0000000709c00000, 0x0000000709e00000|  0%| F|  |TAMS 0x0000000709c00000, 0x0000000709c00000| Untracked 
|  45|0x0000000709e00000, 0x0000000709e00000, 0x000000070a000000|  0%| F|  |TAMS 0x0000000709e00000, 0x0000000709e00000| Untracked 
|  46|0x000000070a000000, 0x000000070a000000, 0x000000070a200000|  0%| F|  |TAMS 0x000000070a000000, 0x000000070a000000| Untracked 
|  47|0x000000070a200000, 0x000000070a200000, 0x000000070a400000|  0%| F|  |TAMS 0x000000070a200000, 0x000000070a200000| Untracked 
|  48|0x000000070a400000, 0x000000070a400000, 0x000000070a600000|  0%| F|  |TAMS 0x000000070a400000, 0x000000070a400000| Untracked 
|  49|0x000000070a600000, 0x000000070a600000, 0x000000070a800000|  0%| F|  |TAMS 0x000000070a600000, 0x000000070a600000| Untracked 
|  50|0x000000070a800000, 0x000000070a800000, 0x000000070aa00000|  0%| F|  |TAMS 0x000000070a800000, 0x000000070a800000| Untracked 
|  51|0x000000070aa00000, 0x000000070aa00000, 0x000000070ac00000|  0%| F|  |TAMS 0x000000070aa00000, 0x000000070aa00000| Untracked 
|  52|0x000000070ac00000, 0x000000070ac00000, 0x000000070ae00000|  0%| F|  |TAMS 0x000000070ac00000, 0x000000070ac00000| Untracked 
|  53|0x000000070ae00000, 0x000000070ae00000, 0x000000070b000000|  0%| F|  |TAMS 0x000000070ae00000, 0x000000070ae00000| Untracked 
|  54|0x000000070b000000, 0x000000070b000000, 0x000000070b200000|  0%| F|  |TAMS 0x000000070b000000, 0x000000070b000000| Untracked 
|  55|0x000000070b200000, 0x000000070b200000, 0x000000070b400000|  0%| F|  |TAMS 0x000000070b200000, 0x000000070b200000| Untracked 
|  56|0x000000070b400000, 0x000000070b400000, 0x000000070b600000|  0%| F|  |TAMS 0x000000070b400000, 0x000000070b400000| Untracked 
|  57|0x000000070b600000, 0x000000070b600000, 0x000000070b800000|  0%| F|  |TAMS 0x000000070b600000, 0x000000070b600000| Untracked 
|  58|0x000000070b800000, 0x000000070b800000, 0x000000070ba00000|  0%| F|  |TAMS 0x000000070b800000, 0x000000070b800000| Untracked 
|  59|0x000000070ba00000, 0x000000070ba00000, 0x000000070bc00000|  0%| F|  |TAMS 0x000000070ba00000, 0x000000070ba00000| Untracked 
|  60|0x000000070bc00000, 0x000000070bc00000, 0x000000070be00000|  0%| F|  |TAMS 0x000000070bc00000, 0x000000070bc00000| Untracked 
|  61|0x000000070be00000, 0x000000070be00000, 0x000000070c000000|  0%| F|  |TAMS 0x000000070be00000, 0x000000070be00000| Untracked 
|  62|0x000000070c000000, 0x000000070c000000, 0x000000070c200000|  0%| F|  |TAMS 0x000000070c000000, 0x000000070c000000| Untracked 
|  63|0x000000070c200000, 0x000000070c200000, 0x000000070c400000|  0%| F|  |TAMS 0x000000070c200000, 0x000000070c200000| Untracked 
|  64|0x000000070c400000, 0x000000070c400000, 0x000000070c600000|  0%| F|  |TAMS 0x000000070c400000, 0x000000070c400000| Untracked 
|  65|0x000000070c600000, 0x000000070c600000, 0x000000070c800000|  0%| F|  |TAMS 0x000000070c600000, 0x000000070c600000| Untracked 
|  66|0x000000070c800000, 0x000000070c800000, 0x000000070ca00000|  0%| F|  |TAMS 0x000000070c800000, 0x000000070c800000| Untracked 
|  67|0x000000070ca00000, 0x000000070ca00000, 0x000000070cc00000|  0%| F|  |TAMS 0x000000070ca00000, 0x000000070ca00000| Untracked 
|  68|0x000000070cc00000, 0x000000070cc00000, 0x000000070ce00000|  0%| F|  |TAMS 0x000000070cc00000, 0x000000070cc00000| Untracked 
|  69|0x000000070ce00000, 0x000000070ce00000, 0x000000070d000000|  0%| F|  |TAMS 0x000000070ce00000, 0x000000070ce00000| Untracked 
|  70|0x000000070d000000, 0x000000070d000000, 0x000000070d200000|  0%| F|  |TAMS 0x000000070d000000, 0x000000070d000000| Untracked 
|  71|0x000000070d200000, 0x000000070d200000, 0x000000070d400000|  0%| F|  |TAMS 0x000000070d200000, 0x000000070d200000| Untracked 
|  72|0x000000070d400000, 0x000000070d400000, 0x000000070d600000|  0%| F|  |TAMS 0x000000070d400000, 0x000000070d400000| Untracked 
|  73|0x000000070d600000, 0x000000070d600000, 0x000000070d800000|  0%| F|  |TAMS 0x000000070d600000, 0x000000070d600000| Untracked 
|  74|0x000000070d800000, 0x000000070d800000, 0x000000070da00000|  0%| F|  |TAMS 0x000000070d800000, 0x000000070d800000| Untracked 
|  75|0x000000070da00000, 0x000000070da00000, 0x000000070dc00000|  0%| F|  |TAMS 0x000000070da00000, 0x000000070da00000| Untracked 
|  76|0x000000070dc00000, 0x000000070dc00000, 0x000000070de00000|  0%| F|  |TAMS 0x000000070dc00000, 0x000000070dc00000| Untracked 
|  77|0x000000070de00000, 0x000000070de00000, 0x000000070e000000|  0%| F|  |TAMS 0x000000070de00000, 0x000000070de00000| Untracked 
|  78|0x000000070e000000, 0x000000070e000000, 0x000000070e200000|  0%| F|  |TAMS 0x000000070e000000, 0x000000070e000000| Untracked 
|  79|0x000000070e200000, 0x000000070e200000, 0x000000070e400000|  0%| F|  |TAMS 0x000000070e200000, 0x000000070e200000| Untracked 
|  80|0x000000070e400000, 0x000000070e400000, 0x000000070e600000|  0%| F|  |TAMS 0x000000070e400000, 0x000000070e400000| Untracked 
|  81|0x000000070e600000, 0x000000070e600000, 0x000000070e800000|  0%| F|  |TAMS 0x000000070e600000, 0x000000070e600000| Untracked 
|  82|0x000000070e800000, 0x000000070e800000, 0x000000070ea00000|  0%| F|  |TAMS 0x000000070e800000, 0x000000070e800000| Untracked 
|  83|0x000000070ea00000, 0x000000070ea00000, 0x000000070ec00000|  0%| F|  |TAMS 0x000000070ea00000, 0x000000070ea00000| Untracked 
|  84|0x000000070ec00000, 0x000000070ec00000, 0x000000070ee00000|  0%| F|  |TAMS 0x000000070ec00000, 0x000000070ec00000| Untracked 
|  85|0x000000070ee00000, 0x000000070ee00000, 0x000000070f000000|  0%| F|  |TAMS 0x000000070ee00000, 0x000000070ee00000| Untracked 
|  86|0x000000070f000000, 0x000000070f000000, 0x000000070f200000|  0%| F|  |TAMS 0x000000070f000000, 0x000000070f000000| Untracked 
|  87|0x000000070f200000, 0x000000070f200000, 0x000000070f400000|  0%| F|  |TAMS 0x000000070f200000, 0x000000070f200000| Untracked 
|  88|0x000000070f400000, 0x000000070f400000, 0x000000070f600000|  0%| F|  |TAMS 0x000000070f400000, 0x000000070f400000| Untracked 
|  89|0x000000070f600000, 0x000000070f600000, 0x000000070f800000|  0%| F|  |TAMS 0x000000070f600000, 0x000000070f600000| Untracked 
|  90|0x000000070f800000, 0x000000070f800000, 0x000000070fa00000|  0%| F|  |TAMS 0x000000070f800000, 0x000000070f800000| Untracked 
|  91|0x000000070fa00000, 0x000000070fa00000, 0x000000070fc00000|  0%| F|  |TAMS 0x000000070fa00000, 0x000000070fa00000| Untracked 
|  92|0x000000070fc00000, 0x000000070fc00000, 0x000000070fe00000|  0%| F|  |TAMS 0x000000070fc00000, 0x000000070fc00000| Untracked 
|  93|0x000000070fe00000, 0x000000070fe00000, 0x0000000710000000|  0%| F|  |TAMS 0x000000070fe00000, 0x000000070fe00000| Untracked 
|  94|0x0000000710000000, 0x0000000710000000, 0x0000000710200000|  0%| F|  |TAMS 0x0000000710000000, 0x0000000710000000| Untracked 
|  95|0x0000000710200000, 0x0000000710200000, 0x0000000710400000|  0%| F|  |TAMS 0x0000000710200000, 0x0000000710200000| Untracked 
|  96|0x0000000710400000, 0x0000000710400000, 0x0000000710600000|  0%| F|  |TAMS 0x0000000710400000, 0x0000000710400000| Untracked 
|  97|0x0000000710600000, 0x0000000710600000, 0x0000000710800000|  0%| F|  |TAMS 0x0000000710600000, 0x0000000710600000| Untracked 
|  98|0x0000000710800000, 0x0000000710800000, 0x0000000710a00000|  0%| F|  |TAMS 0x0000000710800000, 0x0000000710800000| Untracked 
|  99|0x0000000710a00000, 0x0000000710a00000, 0x0000000710c00000|  0%| F|  |TAMS 0x0000000710a00000, 0x0000000710a00000| Untracked 
| 100|0x0000000710c00000, 0x0000000710c00000, 0x0000000710e00000|  0%| F|  |TAMS 0x0000000710c00000, 0x0000000710c00000| Untracked 
| 101|0x0000000710e00000, 0x0000000710e00000, 0x0000000711000000|  0%| F|  |TAMS 0x0000000710e00000, 0x0000000710e00000| Untracked 
| 102|0x0000000711000000, 0x0000000711000000, 0x0000000711200000|  0%| F|  |TAMS 0x0000000711000000, 0x0000000711000000| Untracked 
| 103|0x0000000711200000, 0x0000000711200000, 0x0000000711400000|  0%| F|  |TAMS 0x0000000711200000, 0x0000000711200000| Untracked 
| 104|0x0000000711400000, 0x0000000711400000, 0x0000000711600000|  0%| F|  |TAMS 0x0000000711400000, 0x0000000711400000| Untracked 
| 105|0x0000000711600000, 0x0000000711600000, 0x0000000711800000|  0%| F|  |TAMS 0x0000000711600000, 0x0000000711600000| Untracked 
| 106|0x0000000711800000, 0x0000000711800000, 0x0000000711a00000|  0%| F|  |TAMS 0x0000000711800000, 0x0000000711800000| Untracked 
| 107|0x0000000711a00000, 0x0000000711a00000, 0x0000000711c00000|  0%| F|  |TAMS 0x0000000711a00000, 0x0000000711a00000| Untracked 
| 108|0x0000000711c00000, 0x0000000711c00000, 0x0000000711e00000|  0%| F|  |TAMS 0x0000000711c00000, 0x0000000711c00000| Untracked 
| 109|0x0000000711e00000, 0x0000000711e00000, 0x0000000712000000|  0%| F|  |TAMS 0x0000000711e00000, 0x0000000711e00000| Untracked 
| 110|0x0000000712000000, 0x0000000712000000, 0x0000000712200000|  0%| F|  |TAMS 0x0000000712000000, 0x0000000712000000| Untracked 
| 111|0x0000000712200000, 0x0000000712200000, 0x0000000712400000|  0%| F|  |TAMS 0x0000000712200000, 0x0000000712200000| Untracked 
| 112|0x0000000712400000, 0x0000000712400000, 0x0000000712600000|  0%| F|  |TAMS 0x0000000712400000, 0x0000000712400000| Untracked 
| 113|0x0000000712600000, 0x0000000712600000, 0x0000000712800000|  0%| F|  |TAMS 0x0000000712600000, 0x0000000712600000| Untracked 
| 114|0x0000000712800000, 0x0000000712800000, 0x0000000712a00000|  0%| F|  |TAMS 0x0000000712800000, 0x0000000712800000| Untracked 
| 115|0x0000000712a00000, 0x0000000712bb7600, 0x0000000712c00000| 85%| S|CS|TAMS 0x0000000712a00000, 0x0000000712a00000| Complete 
| 116|0x0000000712c00000, 0x0000000712c00000, 0x0000000712e00000|  0%| F|  |TAMS 0x0000000712c00000, 0x0000000712c00000| Untracked 
| 117|0x0000000712e00000, 0x0000000712e00000, 0x0000000713000000|  0%| F|  |TAMS 0x0000000712e00000, 0x0000000712e00000| Untracked 
| 118|0x0000000713000000, 0x0000000713000000, 0x0000000713200000|  0%| F|  |TAMS 0x0000000713000000, 0x0000000713000000| Untracked 
| 119|0x0000000713200000, 0x0000000713200000, 0x0000000713400000|  0%| F|  |TAMS 0x0000000713200000, 0x0000000713200000| Untracked 
| 120|0x0000000713400000, 0x0000000713400000, 0x0000000713600000|  0%| F|  |TAMS 0x0000000713400000, 0x0000000713400000| Untracked 
| 121|0x0000000713600000, 0x0000000713600000, 0x0000000713800000|  0%| F|  |TAMS 0x0000000713600000, 0x0000000713600000| Untracked 
| 122|0x0000000713800000, 0x0000000713800800, 0x0000000713a00000|  0%| E|  |TAMS 0x0000000713800000, 0x0000000713800000| Complete 
| 123|0x0000000713a00000, 0x0000000713c00000, 0x0000000713c00000|100%| E|CS|TAMS 0x0000000713a00000, 0x0000000713a00000| Complete 
| 124|0x0000000713c00000, 0x0000000713e00000, 0x0000000713e00000|100%| E|CS|TAMS 0x0000000713c00000, 0x0000000713c00000| Complete 
| 125|0x0000000713e00000, 0x0000000714000000, 0x0000000714000000|100%| E|CS|TAMS 0x0000000713e00000, 0x0000000713e00000| Complete 

Card table byte_map: [0x000002e1d39d0000,0x000002e1d41b0000] _byte_map_base: 0x000002e1d01ae000

Marking Bits (Prev, Next): (CMBitMap*) 0x000002e1bc4113e0, (CMBitMap*) 0x000002e1bc411420
 Prev Bits: [0x000002e1d4990000, 0x000002e1d8880000)
 Next Bits: [0x000002e1d8880000, 0x000002e1dc770000)

Polling page: 0x000002e1ba2e0000

Metaspace:

Usage:
  Non-class:      9.04 MB used.
      Class:      1.34 MB used.
       Both:     10.38 MB used.

Virtual space:
  Non-class space:       64.00 MB reserved,       9.12 MB ( 14%) committed,  1 nodes.
      Class space:        1.00 GB reserved,       1.44 MB ( <1%) committed,  1 nodes.
             Both:        1.06 GB reserved,      10.56 MB ( <1%) committed. 

Chunk freelists:
   Non-Class:  6.50 MB
       Class:  14.60 MB
        Both:  21.10 MB

MaxMetaspaceSize: unlimited
CompressedClassSpaceSize: 1.00 GB
Initial GC threshold: 21.00 MB
Current GC threshold: 21.00 MB
CDS: on
MetaspaceReclaimPolicy: balanced
 - commit_granule_bytes: 65536.
 - commit_granule_words: 8192.
 - virtual_space_node_default_size: 8388608.
 - enlarge_chunks_in_place: 1.
 - new_chunks_are_fully_committed: 0.
 - uncommit_free_chunks: 1.
 - use_allocation_guard: 0.
 - handle_deallocations: 1.


Internal statistics:

num_allocs_failed_limit: 0.
num_arena_births: 170.
num_arena_deaths: 0.
num_vsnodes_births: 2.
num_vsnodes_deaths: 0.
num_space_committed: 169.
num_space_uncommitted: 0.
num_chunks_returned_to_freelist: 0.
num_chunks_taken_from_freelist: 549.
num_chunk_merges: 0.
num_chunk_splits: 317.
num_chunks_enlarged: 222.
num_inconsistent_stats: 0.

CodeHeap 'non-profiled nmethods': size=120000Kb used=650Kb max_used=650Kb free=119349Kb
 bounds [0x000002e1cb980000, 0x000002e1cbbf0000, 0x000002e1d2eb0000]
CodeHeap 'profiled nmethods': size=120000Kb used=3265Kb max_used=3265Kb free=116734Kb
 bounds [0x000002e1c3eb0000, 0x000002e1c41f0000, 0x000002e1cb3e0000]
CodeHeap 'non-nmethods': size=5760Kb used=1198Kb max_used=1226Kb free=4561Kb
 bounds [0x000002e1cb3e0000, 0x000002e1cb650000, 0x000002e1cb980000]
 total_blobs=2152 nmethods=1668 adapters=396
 compilation: enabled
              stopped_count=0, restarted_count=0
 full_count=0

Compilation events (20 events):
Event: 0.664 Thread 0x000002e1df2fab50 1651       3       java.lang.invoke.MethodHandle::asType (28 bytes)
Event: 0.664 Thread 0x000002e1df2fab50 nmethod 1651 0x000002e1c41d5410 code [0x000002e1c41d55e0, 0x000002e1c41d5968]
Event: 0.664 Thread 0x000002e1df2fab50 1652       1       org.springframework.boot.context.properties.source.ConfigurationPropertyName$ElementType::isIndexed (5 bytes)
Event: 0.664 Thread 0x000002e1df2fab50 nmethod 1652 0x000002e1cba21a10 code [0x000002e1cba21ba0, 0x000002e1cba21c78]
Event: 0.664 Thread 0x000002e1df2fab50 1653       3       org.springframework.boot.context.properties.source.ConfigurationPropertyName$ElementsParser::isAlpha (18 bytes)
Event: 0.664 Thread 0x000002e1df2fab50 nmethod 1653 0x000002e1c41d5a90 code [0x000002e1c41d5c20, 0x000002e1c41d5d98]
Event: 0.664 Thread 0x000002e1df2fab50 1654       3       java.lang.invoke.MemberName::asSpecial (89 bytes)
Event: 0.665 Thread 0x000002e1df2fab50 nmethod 1654 0x000002e1c41d5e10 code [0x000002e1c41d60e0, 0x000002e1c41d6de8]
Event: 0.667 Thread 0x000002e1df2fab50 1656       3       java.lang.reflect.Constructor::acquireConstructorAccessor (44 bytes)
Event: 0.668 Thread 0x000002e1df2fab50 nmethod 1656 0x000002e1c41d7290 code [0x000002e1c41d7480, 0x000002e1c41d7998]
Event: 0.668 Thread 0x000002e1df2fab50 1658       3       java.lang.invoke.MethodHandles$Lookup$ClassDefiner::<init> (58 bytes)
Event: 0.668 Thread 0x000002e1df2fab50 nmethod 1658 0x000002e1c41d7b10 code [0x000002e1c41d7cc0, 0x000002e1c41d7f78]
Event: 0.668 Thread 0x000002e1df2fab50 1659       3       java.lang.invoke.MethodHandles$Lookup$ClassDefiner::defineClass (97 bytes)
Event: 0.669 Thread 0x000002e1df2fab50 nmethod 1659 0x000002e1c41d8090 code [0x000002e1c41d8320, 0x000002e1c41d91b8]
Event: 0.669 Thread 0x000002e1df2fab50 1660       3       java.lang.System$2::defineClass (21 bytes)
Event: 0.669 Thread 0x000002e1df2fab50 nmethod 1660 0x000002e1c41d9790 code [0x000002e1c41d9940, 0x000002e1c41d9ac8]
Event: 0.669 Thread 0x000002e1df2fab50 1657       1       java.util.stream.FindOps$FindSink::cancellationRequested (5 bytes)
Event: 0.670 Thread 0x000002e1df2fab50 nmethod 1657 0x000002e1cba22590 code [0x000002e1cba22720, 0x000002e1cba227f8]
Event: 0.671 Thread 0x000002e1df2fab50 1662       3       java.util.HashMap::get (19 bytes)
Event: 0.671 Thread 0x000002e1df2fab50 nmethod 1662 0x000002e1c41d9b90 code [0x000002e1c41d9d40, 0x000002e1c41d9f08]

GC Heap History (4 events):
Event: 0.305 GC heap before
{Heap before GC invocations=0 (full 0):
 garbage-first heap   total 258048K, used 20480K [0x0000000704400000, 0x0000000800000000)
  region size 2048K, 11 young (22528K), 0 survivors (0K)
 Metaspace       used 3921K, committed 4160K, reserved 1114112K
  class space    used 455K, committed 576K, reserved 1048576K
}
Event: 0.308 GC heap after
{Heap after GC invocations=1 (full 0):
 garbage-first heap   total 258048K, used 7222K [0x0000000704400000, 0x0000000800000000)
  region size 2048K, 2 young (4096K), 2 survivors (4096K)
 Metaspace       used 3921K, committed 4160K, reserved 1114112K
  class space    used 455K, committed 576K, reserved 1048576K
}
Event: 0.591 GC heap before
{Heap before GC invocations=1 (full 0):
 garbage-first heap   total 258048K, used 27702K [0x0000000704400000, 0x0000000800000000)
  region size 2048K, 12 young (24576K), 2 survivors (4096K)
 Metaspace       used 9136K, committed 9408K, reserved 1114112K
  class space    used 1163K, committed 1280K, reserved 1048576K
}
Event: 0.594 GC heap after
{Heap after GC invocations=2 (full 0):
 garbage-first heap   total 258048K, used 8894K [0x0000000704400000, 0x0000000800000000)
  region size 2048K, 1 young (2048K), 1 survivors (2048K)
 Metaspace       used 9136K, committed 9408K, reserved 1114112K
  class space    used 1163K, committed 1280K, reserved 1048576K
}

Dll operation events (9 events):
Event: 0.004 Loaded shared library C:\Users\user\.jdks\corretto-17.0.9\bin\java.dll
Event: 0.017 Loaded shared library C:\Users\user\.jdks\corretto-17.0.9\bin\jsvml.dll
Event: 0.036 Loaded shared library C:\Users\user\.jdks\corretto-17.0.9\bin\net.dll
Event: 0.037 Loaded shared library C:\Users\user\.jdks\corretto-17.0.9\bin\nio.dll
Event: 0.038 Loaded shared library C:\Users\user\.jdks\corretto-17.0.9\bin\zip.dll
Event: 0.078 Loaded shared library C:\Users\user\.jdks\corretto-17.0.9\bin\management.dll
Event: 0.080 Loaded shared library C:\Users\user\.jdks\corretto-17.0.9\bin\management_ext.dll
Event: 0.090 Loaded shared library C:\Users\user\.jdks\corretto-17.0.9\bin\jimage.dll
Event: 0.407 Loaded shared library C:\Users\user\.jdks\corretto-17.0.9\bin\verify.dll

Deoptimization events (20 events):
Event: 0.584 Thread 0x000002e1bc3a4a70 Uncommon trap: trap_request=0xffffff45 fr.pc=0x000002e1cb9d03fc relative=0x00000000000002dc
Event: 0.584 Thread 0x000002e1bc3a4a70 Uncommon trap: reason=unstable_if action=reinterpret pc=0x000002e1cb9d03fc method=jdk.internal.org.objectweb.asm.SymbolTable.put(Ljdk/internal/org/objectweb/asm/SymbolTable$Entry;)Ljdk/internal/org/objectweb/asm/SymbolTable$Entry; @ 13 c2
Event: 0.584 Thread 0x000002e1bc3a4a70 DEOPT PACKING pc=0x000002e1cb9d03fc sp=0x000000f5b61fb520
Event: 0.584 Thread 0x000002e1bc3a4a70 DEOPT UNPACKING pc=0x000002e1cb43a1a3 sp=0x000000f5b61fb4a0 mode 2
Event: 0.599 Thread 0x000002e1bc3a4a70 Uncommon trap: trap_request=0xffffff45 fr.pc=0x000002e1cba14274 relative=0x0000000000003614
Event: 0.599 Thread 0x000002e1bc3a4a70 Uncommon trap: reason=unstable_if action=reinterpret pc=0x000002e1cba14274 method=jdk.internal.loader.URLClassPath$FileLoader.getResource(Ljava/lang/String;Z)Ljdk/internal/loader/Resource; @ 139 c2
Event: 0.599 Thread 0x000002e1bc3a4a70 DEOPT PACKING pc=0x000002e1cba14274 sp=0x000000f5b61fbf30
Event: 0.599 Thread 0x000002e1bc3a4a70 DEOPT UNPACKING pc=0x000002e1cb43a1a3 sp=0x000000f5b61fbed8 mode 2
Event: 0.622 Thread 0x000002e1bc3a4a70 DEOPT PACKING pc=0x000002e1c41bf0fd sp=0x000000f5b61fbb10
Event: 0.622 Thread 0x000002e1bc3a4a70 DEOPT UNPACKING pc=0x000002e1cb43ace3 sp=0x000000f5b61faf98 mode 0
Event: 0.624 Thread 0x000002e1bc3a4a70 Uncommon trap: trap_request=0xffffff45 fr.pc=0x000002e1cb9cfa38 relative=0x0000000000000098
Event: 0.624 Thread 0x000002e1bc3a4a70 Uncommon trap: reason=unstable_if action=reinterpret pc=0x000002e1cb9cfa38 method=sun.reflect.generics.parser.SignatureParser.current()C @ 39 c2
Event: 0.624 Thread 0x000002e1bc3a4a70 DEOPT PACKING pc=0x000002e1cb9cfa38 sp=0x000000f5b61fb750
Event: 0.624 Thread 0x000002e1bc3a4a70 DEOPT UNPACKING pc=0x000002e1cb43a1a3 sp=0x000000f5b61fb6e8 mode 2
Event: 0.658 Thread 0x000002e1bc3a4a70 DEOPT PACKING pc=0x000002e1c41bf0fd sp=0x000000f5b61fb5a0
Event: 0.658 Thread 0x000002e1bc3a4a70 DEOPT UNPACKING pc=0x000002e1cb43ace3 sp=0x000000f5b61faa28 mode 0
Event: 0.667 Thread 0x000002e1bc3a4a70 Uncommon trap: trap_request=0xffffff45 fr.pc=0x000002e1cb9e7a28 relative=0x0000000000000468
Event: 0.667 Thread 0x000002e1bc3a4a70 Uncommon trap: reason=unstable_if action=reinterpret pc=0x000002e1cb9e7a28 method=java.util.HashMap.hash(Ljava/lang/Object;)I @ 1 c2
Event: 0.667 Thread 0x000002e1bc3a4a70 DEOPT PACKING pc=0x000002e1cb9e7a28 sp=0x000000f5b61fca00
Event: 0.667 Thread 0x000002e1bc3a4a70 DEOPT UNPACKING pc=0x000002e1cb43a1a3 sp=0x000000f5b61fc898 mode 2

Classes unloaded (0 events):
No events

Classes redefined (0 events):
No events

Internal exceptions (20 events):
Event: 0.403 Thread 0x000002e1bc3a4a70 Exception <a 'java/lang/NoSuchMethodError'{0x000000071389a200}: 'void java.lang.invoke.DirectMethodHandle$Holder.invokeStatic(java.lang.Object, java.lang.Object)'> (0x000000071389a200) 
thrown [s\src\hotspot\share\interpreter\linkResolver.cpp, line 759]
Event: 0.428 Thread 0x000002e1bc3a4a70 Exception <a 'java/lang/ClassNotFoundException'{0x0000000713645650}: javax/smartcardio/CardPermission> (0x0000000713645650) 
thrown [s\src\hotspot\share\classfile\systemDictionary.cpp, line 256]
Event: 0.429 Thread 0x000002e1bc3a4a70 Exception <a 'java/io/FileNotFoundException'{0x0000000713653cc8}> (0x0000000713653cc8) 
thrown [s\src\hotspot\share\prims\jni.cpp, line 516]
Event: 0.438 Thread 0x000002e1bc3a4a70 Exception <a 'java/lang/NoSuchMethodError'{0x00000007136d4e48}: 'java.lang.Object java.lang.invoke.DirectMethodHandle$Holder.invokeSpecial(java.lang.Object, java.lang.Object, java.lang.Object, long, java.lang.Object)'> (0x00000007136d4e48) 
thrown [s\src\hotspot\share\interpreter\linkResolver.cpp, line 759]
Event: 0.438 Thread 0x000002e1bc3a4a70 Exception <a 'java/lang/NoSuchMethodError'{0x00000007136d8cc0}: 'java.lang.Object java.lang.invoke.Invokers$Holder.linkToTargetMethod(java.lang.Object, long, java.lang.Object, java.lang.Object)'> (0x00000007136d8cc0) 
thrown [s\src\hotspot\share\interpreter\linkResolver.cpp, line 759]
Event: 0.451 Thread 0x000002e1bc3a4a70 Implicit null exception at 0x000002e1cb9e53fe to 0x000002e1cb9e689c
Event: 0.488 Thread 0x000002e1bc3a4a70 Exception <a 'java/lang/NoSuchMethodError'{0x00000007132cd1b8}: 'int java.lang.invoke.DirectMethodHandle$Holder.invokeStaticInit(java.lang.Object, java.lang.Object, java.lang.Object)'> (0x00000007132cd1b8) 
thrown [s\src\hotspot\share\interpreter\linkResolver.cpp, line 759]
Event: 0.501 Thread 0x000002e1bc3a4a70 Exception <a 'java/lang/NoSuchMethodError'{0x00000007133d5848}: 'int java.lang.invoke.DirectMethodHandle$Holder.invokeInterface(java.lang.Object, java.lang.Object)'> (0x00000007133d5848) 
thrown [s\src\hotspot\share\interpreter\linkResolver.cpp, line 759]
Event: 0.511 Thread 0x000002e1bc3a4a70 Exception <a 'java/lang/NoSuchMethodError'{0x00000007130c4cf8}: 'void java.lang.invoke.DirectMethodHandle$Holder.invokeStaticInit(java.lang.Object, java.lang.Object)'> (0x00000007130c4cf8) 
thrown [s\src\hotspot\share\interpreter\linkResolver.cpp, line 759]
Event: 0.521 Thread 0x000002e1bc3a4a70 Exception <a 'java/lang/NoSuchMethodError'{0x000000071316de70}: 'int java.lang.invoke.DirectMethodHandle$Holder.invokeVirtual(java.lang.Object, java.lang.Object, java.lang.Object)'> (0x000000071316de70) 
thrown [s\src\hotspot\share\interpreter\linkResolver.cpp, line 759]
Event: 0.537 Thread 0x000002e1bc3a4a70 Exception <a 'java/lang/IncompatibleClassChangeError'{0x0000000712ead170}: Found class java.lang.Object, but interface was expected> (0x0000000712ead170) 
thrown [s\src\hotspot\share\interpreter\linkResolver.cpp, line 826]
Event: 0.557 Thread 0x000002e1bc3a4a70 Exception <a 'java/lang/NoSuchMethodError'{0x0000000712fe2ea0}: 'int java.lang.invoke.DirectMethodHandle$Holder.invokeSpecial(java.lang.Object, java.lang.Object, java.lang.Object, java.lang.Object)'> (0x0000000712fe2ea0) 
thrown [s\src\hotspot\share\interpreter\linkResolver.cpp, line 759]
Event: 0.560 Thread 0x000002e1bc3a4a70 Exception <a 'sun/nio/fs/WindowsException'{0x0000000712c01c80}> (0x0000000712c01c80) 
thrown [s\src\hotspot\share\prims\jni.cpp, line 516]
Event: 0.561 Thread 0x000002e1bc3a4a70 Exception <a 'java/lang/NoSuchMethodError'{0x0000000712c03488}: 'int java.lang.invoke.DirectMethodHandle$Holder.invokeSpecial(java.lang.Object, java.lang.Object, java.lang.Object, java.lang.Object, java.lang.Object)'> (0x0000000712c03488) 
thrown [s\src\hotspot\share\interpreter\linkResolver.cpp, line 759]
Event: 0.562 Thread 0x000002e1bc3a4a70 Exception <a 'java/lang/NoSuchMethodError'{0x0000000712c0c420}: 'void java.lang.invoke.DirectMethodHandle$Holder.invokeVirtual(java.lang.Object, java.lang.Object)'> (0x0000000712c0c420) 
thrown [s\src\hotspot\share\interpreter\linkResolver.cpp, line 759]
Event: 0.564 Thread 0x000002e1bc3a4a70 Exception <a 'sun/nio/fs/WindowsException'{0x0000000712c25520}> (0x0000000712c25520) 
thrown [s\src\hotspot\share\prims\jni.cpp, line 516]
Event: 0.606 Thread 0x000002e1bc3a4a70 Exception <a 'java/lang/NoSuchMethodError'{0x0000000713e95070}: 'void java.lang.invoke.DirectMethodHandle$Holder.invokeVirtual(java.lang.Object, java.lang.Object, java.lang.Object, java.lang.Object)'> (0x0000000713e95070) 
thrown [s\src\hotspot\share\interpreter\linkResolver.cpp, line 759]
Event: 0.666 Thread 0x000002e1bc3a4a70 Exception <a 'java/lang/NoSuchMethodError'{0x0000000713abc048}: 'java.lang.Object java.lang.invoke.DirectMethodHandle$Holder.newInvokeSpecial(java.lang.Object, java.lang.Object, java.lang.Object, java.lang.Object, java.lang.Object, java.lang.Object, java.lang.Object)'> (0x0000000713abc048) 
thrown [s\src\hotspot\share\interpreter\linkResolver.cpp, line 759]
Event: 0.666 Thread 0x000002e1bc3a4a70 Exception <a 'java/lang/NoSuchMethodError'{0x0000000713ac0c00}: 'java.lang.Object java.lang.invoke.Invokers$Holder.linkToTargetMethod(java.lang.Object, java.lang.Object, java.lang.Object, java.lang.Object, java.lang.Object, java.lang.Object, java.lang.Object)'> (0x0000000713ac0c00) 
thrown [s\src\hotspot\share\interpreter\linkResolver.cpp, line 759]
Event: 0.667 Thread 0x000002e1bc3a4a70 Implicit null exception at 0x000002e1cb9e760e to 0x000002e1cb9e7a08

VM Operations (20 events):
Event: 0.342 Executing VM operation: HandshakeAllThreads
Event: 0.342 Executing VM operation: HandshakeAllThreads done
Event: 0.387 Executing VM operation: HandshakeAllThreads
Event: 0.387 Executing VM operation: HandshakeAllThreads done
Event: 0.413 Executing VM operation: HandshakeAllThreads
Event: 0.413 Executing VM operation: HandshakeAllThreads done
Event: 0.464 Executing VM operation: HandshakeAllThreads
Event: 0.464 Executing VM operation: HandshakeAllThreads done
Event: 0.464 Executing VM operation: HandshakeAllThreads
Event: 0.464 Executing VM operation: HandshakeAllThreads done
Event: 0.502 Executing VM operation: HandshakeAllThreads
Event: 0.502 Executing VM operation: HandshakeAllThreads done
Event: 0.544 Executing VM operation: HandshakeAllThreads
Event: 0.544 Executing VM operation: HandshakeAllThreads done
Event: 0.578 Executing VM operation: ICBufferFull
Event: 0.579 Executing VM operation: ICBufferFull done
Event: 0.591 Executing VM operation: G1CollectForAllocation
Event: 0.594 Executing VM operation: G1CollectForAllocation done
Event: 0.604 Executing VM operation: HandshakeAllThreads
Event: 0.604 Executing VM operation: HandshakeAllThreads done

Events (20 events):
Event: 0.646 loading class java/time/Year
Event: 0.647 loading class java/time/Year done
Event: 0.647 loading class java/time/Month
Event: 0.647 loading class java/time/Month done
Event: 0.647 loading class java/time/YearMonth
Event: 0.647 loading class java/time/YearMonth done
Event: 0.647 loading class java/time/MonthDay
Event: 0.647 loading class java/time/MonthDay done
Event: 0.649 loading class sun/reflect/generics/tree/CharSignature
Event: 0.649 loading class sun/reflect/generics/tree/CharSignature done
Event: 0.649 loading class sun/reflect/generics/tree/ArrayTypeSignature
Event: 0.649 loading class sun/reflect/generics/tree/ArrayTypeSignature done
Event: 0.650 loading class java/net/UnknownHostException
Event: 0.650 loading class java/net/UnknownHostException done
Event: 0.654 loading class sun/reflect/generics/tree/ByteSignature
Event: 0.654 loading class sun/reflect/generics/tree/ByteSignature done
Event: 0.663 loading class java/util/function/UnaryOperator
Event: 0.663 loading class java/util/function/UnaryOperator done
Event: 0.663 loading class java/util/ConcurrentModificationException
Event: 0.663 loading class java/util/ConcurrentModificationException done


Dynamic libraries:
0x00007ff73c140000 - 0x00007ff73c14e000 	C:\Users\user\.jdks\corretto-17.0.9\bin\java.exe
0x00007fffda110000 - 0x00007fffda327000 	C:\WINDOWS\SYSTEM32\ntdll.dll
0x00007fffd8d10000 - 0x00007fffd8dd4000 	C:\WINDOWS\System32\KERNEL32.DLL
0x00007fffd76b0000 - 0x00007fffd7a56000 	C:\WINDOWS\System32\KERNELBASE.dll
0x00007fffd7480000 - 0x00007fffd7591000 	C:\WINDOWS\System32\ucrtbase.dll
0x00007fffc8390000 - 0x00007fffc83a7000 	C:\Users\user\.jdks\corretto-17.0.9\bin\jli.dll
0x00007fffc8370000 - 0x00007fffc838b000 	C:\Users\user\.jdks\corretto-17.0.9\bin\VCRUNTIME140.dll
0x00007fffd8740000 - 0x00007fffd88ee000 	C:\WINDOWS\System32\USER32.dll
0x00007fffbdc30000 - 0x00007fffbdec3000 	C:\WINDOWS\WinSxS\amd64_microsoft.windows.common-controls_6595b64144ccf1df_6.0.22621.2506_none_270c5ae97388e100\COMCTL32.dll
0x00007fffd7e30000 - 0x00007fffd7e56000 	C:\WINDOWS\System32\win32u.dll
0x00007fffd98d0000 - 0x00007fffd9977000 	C:\WINDOWS\System32\msvcrt.dll
0x00007fffd96b0000 - 0x00007fffd96d9000 	C:\WINDOWS\System32\GDI32.dll
0x00007fffd7a60000 - 0x00007fffd7b78000 	C:\WINDOWS\System32\gdi32full.dll
0x00007fffd7610000 - 0x00007fffd76aa000 	C:\WINDOWS\System32\msvcp_win.dll
0x00007fffd9440000 - 0x00007fffd9471000 	C:\WINDOWS\System32\IMM32.DLL
0x00007fffd4390000 - 0x00007fffd439c000 	C:\Users\user\.jdks\corretto-17.0.9\bin\vcruntime140_1.dll
0x00007fffb8860000 - 0x00007fffb88ed000 	C:\Users\user\.jdks\corretto-17.0.9\bin\msvcp140.dll
0x00007fff82830000 - 0x00007fff83491000 	C:\Users\user\.jdks\corretto-17.0.9\bin\server\jvm.dll
0x00007fffd96e0000 - 0x00007fffd9791000 	C:\WINDOWS\System32\ADVAPI32.dll
0x00007fffd9980000 - 0x00007fffd9a25000 	C:\WINDOWS\System32\sechost.dll
0x00007fffd9b30000 - 0x00007fffd9c47000 	C:\WINDOWS\System32\RPCRT4.dll
0x00007fffd71a0000 - 0x00007fffd71ed000 	C:\WINDOWS\SYSTEM32\POWRPROF.dll
0x00007fffc9950000 - 0x00007fffc9959000 	C:\WINDOWS\SYSTEM32\WSOCK32.dll
0x00007fffd9850000 - 0x00007fffd98c1000 	C:\WINDOWS\System32\WS2_32.dll
0x00007fffcd330000 - 0x00007fffcd364000 	C:\WINDOWS\SYSTEM32\WINMM.dll
0x00007fffcd170000 - 0x00007fffcd17a000 	C:\WINDOWS\SYSTEM32\VERSION.dll
0x00007fffd7180000 - 0x00007fffd7193000 	C:\WINDOWS\SYSTEM32\UMPDC.dll
0x00007fffd6440000 - 0x00007fffd6458000 	C:\WINDOWS\SYSTEM32\kernel.appcore.dll
0x00007fffd2310000 - 0x00007fffd231a000 	C:\Users\user\.jdks\corretto-17.0.9\bin\jimage.dll
0x00007fffd2360000 - 0x00007fffd2593000 	C:\WINDOWS\SYSTEM32\DBGHELP.DLL
0x00007fffd90b0000 - 0x00007fffd9439000 	C:\WINDOWS\System32\combase.dll
0x00007fffd8fd0000 - 0x00007fffd90a7000 	C:\WINDOWS\System32\OLEAUT32.dll
0x00007fffa0090000 - 0x00007fffa00c2000 	C:\WINDOWS\SYSTEM32\dbgcore.DLL
0x00007fffd7db0000 - 0x00007fffd7e2a000 	C:\WINDOWS\System32\bcryptPrimitives.dll
0x00007fffc7a50000 - 0x00007fffc7a75000 	C:\Users\user\.jdks\corretto-17.0.9\bin\java.dll
0x00007fffb81f0000 - 0x00007fffb82c7000 	C:\Users\user\.jdks\corretto-17.0.9\bin\jsvml.dll
0x00007fffd7e80000 - 0x00007fffd86da000 	C:\WINDOWS\System32\SHELL32.dll
0x00007fffd5350000 - 0x00007fffd5c46000 	C:\WINDOWS\SYSTEM32\windows.storage.dll
0x00007fffd5210000 - 0x00007fffd534e000 	C:\WINDOWS\SYSTEM32\wintypes.dll
0x00007fffd9a30000 - 0x00007fffd9b23000 	C:\WINDOWS\System32\SHCORE.dll
0x00007fffd9650000 - 0x00007fffd96ae000 	C:\WINDOWS\System32\shlwapi.dll
0x00007fffd73b0000 - 0x00007fffd73d6000 	C:\WINDOWS\SYSTEM32\profapi.dll
0x00007fffc7570000 - 0x00007fffc7589000 	C:\Users\user\.jdks\corretto-17.0.9\bin\net.dll
0x00007fffcf9a0000 - 0x00007fffcfad7000 	C:\WINDOWS\SYSTEM32\WINHTTP.dll
0x00007fffd68b0000 - 0x00007fffd6919000 	C:\WINDOWS\system32\mswsock.dll
0x00007fffc7540000 - 0x00007fffc7556000 	C:\Users\user\.jdks\corretto-17.0.9\bin\nio.dll
0x00007fffc7330000 - 0x00007fffc7348000 	C:\Users\user\.jdks\corretto-17.0.9\bin\zip.dll
0x00007fffc72f0000 - 0x00007fffc72f9000 	C:\Users\user\.jdks\corretto-17.0.9\bin\management.dll
0x00007fffbb980000 - 0x00007fffbb98b000 	C:\Users\user\.jdks\corretto-17.0.9\bin\management_ext.dll
0x00007fffd97a0000 - 0x00007fffd97a8000 	C:\WINDOWS\System32\PSAPI.DLL
0x00007fffc7a20000 - 0x00007fffc7a30000 	C:\Users\user\.jdks\corretto-17.0.9\bin\verify.dll

dbghelp: loaded successfully - version: 4.0.5 - missing functions: none
symbol engine: initialized successfully - sym options: 0x614 - pdb path: .;C:\Users\user\.jdks\corretto-17.0.9\bin;C:\WINDOWS\SYSTEM32;C:\WINDOWS\WinSxS\amd64_microsoft.windows.common-controls_6595b64144ccf1df_6.0.22621.2506_none_270c5ae97388e100;C:\Users\user\.jdks\corretto-17.0.9\bin\server

VM Arguments:
java_command: C:\Users\user\AppData\Local\Temp\surefire12150153983555671104\surefirebooter-20231231192718060_3.jar C:\Users\user\AppData\Local\Temp\surefire12150153983555671104 2023-12-31T19-27-17_989-jvmRun1 surefire-20231231192718060_1tmp surefire_0-20231231192718060_2tmp
java_class_path (initial): C:\Users\user\AppData\Local\Temp\surefire12150153983555671104\surefirebooter-20231231192718060_3.jar
Launcher Type: SUN_STANDARD

[Global flags]
     intx CICompilerCount                          = 4                                         {product} {ergonomic}
     uint ConcGCThreads                            = 2                                         {product} {ergonomic}
     uint G1ConcRefinementThreads                  = 8                                         {product} {ergonomic}
   size_t G1HeapRegionSize                         = 2097152                                   {product} {ergonomic}
    uintx GCDrainStackTargetSize                   = 64                                        {product} {ergonomic}
   size_t InitialHeapSize                          = 264241152                                 {product} {ergonomic}
   size_t MarkStackSize                            = 4194304                                   {product} {ergonomic}
   size_t MaxHeapSize                              = 4223664128                                {product} {ergonomic}
   size_t MaxNewSize                               = 2533359616                                {product} {ergonomic}
   size_t MinHeapDeltaBytes                        = 2097152                                   {product} {ergonomic}
   size_t MinHeapSize                              = 8388608                                   {product} {ergonomic}
    uintx NonNMethodCodeHeapSize                   = 5839372                                {pd product} {ergonomic}
    uintx NonProfiledCodeHeapSize                  = 122909434                              {pd product} {ergonomic}
    uintx ProfiledCodeHeapSize                     = 122909434                              {pd product} {ergonomic}
    uintx ReservedCodeCacheSize                    = 251658240                              {pd product} {ergonomic}
     bool SegmentedCodeCache                       = true                                      {product} {ergonomic}
   size_t SoftMaxHeapSize                          = 4223664128                             {manageable} {ergonomic}
     bool UseCompressedClassPointers               = true                           {product lp64_product} {ergonomic}
     bool UseCompressedOops                        = true                           {product lp64_product} {ergonomic}
     bool UseG1GC                                  = true                                      {product} {ergonomic}
     bool UseLargePagesIndividualAllocation        = false                                  {pd product} {ergonomic}

Logging:
Log output configuration:
 #0: stdout all=warning uptime,level,tags
 #1: stderr all=off uptime,level,tags

Environment Variables:
JAVA_HOME=C:\Program Files\Java\jdk-17
PATH=C:\Program Files\Java\jdk-17\bin;C:\app\user\product\11.2.0\client_1;C:\Program Files\Common Files\Oracle\Java\javapath;C:\Program Files (x86)\Common Files\Oracle\Java\javapath;C:\Program Files (x86)\Microsoft SDKs\Azure\CLI2\wbin;C:\WINDOWS\system32;C:\WINDOWS;C:\WINDOWS\System32\Wbem;C:\WINDOWS\System32\WindowsPowerShell\v1.0\;C:\WINDOWS\System32\OpenSSH\;C:\Program Files\dotnet\;C:\Program Files\Microsoft SQL Server\Client SDK\ODBC\170\Tools\Binn\;C:\Program Files (x86)\Microsoft SQL Server\150\Tools\Binn\;C:\Program Files\Microsoft SQL Server\150\Tools\Binn\;C:\Program Files\Microsoft SQL Server\150\DTS\Binn\;C:\Program Files (x86)\Microsoft SQL Server\150\DTS\Binn\;C:\Program Files\Git\cmd;C:\Program Files\Docker\Docker\resources\bin;C:\Program Files\Java\jdk-20\bin;C:\servers\apache-tomcat-10.1.15\bin;C:\Program Files\nodejs\;C:\Users\user\AppData\Local\Microsoft\WindowsApps;C:\Program Files\Azure Data Studio\bin;C:\Users\user\AppData\Local\Programs\Microsoft VS Code\bin;C:\flutter\bin;C:\Users\user\AppData\Roaming\npm
USERNAME=user
OS=Windows_NT
PROCESSOR_IDENTIFIER=Intel64 Family 6 Model 140 Stepping 1, GenuineIntel
TMP=C:\Users\user\AppData\Local\Temp
TEMP=C:\Users\user\AppData\Local\Temp



Periodic native trim disabled


---------------  S Y S T E M  ---------------

OS:
 Windows 11 , 64 bit Build 22621 (10.0.22621.2506)
OS uptime: 14 days 11:28 hours
Hyper-V role detected

CPU: total 8 (initial active 8) (4 cores per cpu, 2 threads per core) family 6 model 140 stepping 1 microcode 0xb4, cx8, cmov, fxsr, ht, mmx, 3dnowpref, sse, sse2, sse3, ssse3, sse4.1, sse4.2, popcnt, lzcnt, tsc, tscinvbit, avx, avx2, aes, erms, clmul, bmi1, bmi2, adx, avx512f, avx512dq, avx512cd, avx512bw, avx512vl, sha, fma, vzeroupper, avx512_vpopcntdq, avx512_vpclmulqdq, avx512_vaes, avx512_vnni, clflush, clflushopt, clwb, avx512_vbmi2, avx512_vbmi, hv
Processor Information for all 8 processors :
  Max Mhz: 1805, Current Mhz: 1805, Mhz Limit: 1805

Memory: 4k page, system-wide physical 16106M (3015M free)
TotalPageFile size 16106M (AvailPageFile size 5M)
current process WorkingSet (physical memory assigned to process): 105M, peak: 105M
current process commit charge ("private bytes"): 373M, peak: 375M

vm_info: OpenJDK 64-Bit Server VM (17.0.9+8-LTS) for windows-amd64 JRE (17.0.9+8-LTS), built on Oct 12 2023 16:15:33 by "Administrator" with MS VC++ 16.10 / 16.11 (VS2019)

END.
